<<<<<<< HEAD:output/paper/scons.log
=======

 make.py started: 2016-08-02 16:06:49 /Users/mrsull/template/source/talk 


Path: gslab_make
URL: https://econ-gentzkow-svn.stanford.edu/repos/main/trunk/lib/python/gslab_make
Repository Root: https://econ-gentzkow-svn.stanford.edu/repos/main
Repository UUID: 89b4331b-4301-411a-8e06-9c78d9cdb83d
Revision: 34794
Node Kind: directory
Last Changed Author: jwchoi2
Last Changed Rev: 33502
Last Changed Date: 2016-02-07 17:40:17 -0800 (Sun, 07 Feb 2016)



Execute:  lyx -e pdf2 "./slides.lyx"
>>>>>>> origin/master:output/talk/make.log
This is pdfTeX, Version 3.14159265-2.6-1.40.17 (TeX Live 2016) (preloaded format=pdflatex)
 restricted \write18 enabled.
entering extended mode
(./paper.tex
LaTeX2e <2016/03/31>
Babel <3.9r> and hyphenation patterns for 83 language(s) loaded.

This is pdfTeX, Version 3.14159265-2.6-1.40.17 (TeX Live 2016) (preloaded format=pdflatex)
 restricted \write18 enabled.
entering extended mode
(./paper.tex
LaTeX2e <2016/03/31>
Babel <3.9r> and hyphenation patterns for 83 language(s) loaded.

This is pdfTeX, Version 3.14159265-2.6-1.40.17 (TeX Live 2016) (preloaded format=pdflatex)
 restricted \write18 enabled.
entering extended mode
(./paper_online.tex
LaTeX2e <2016/03/31>
Babel <3.9r> and hyphenation patterns for 83 language(s) loaded.

This is pdfTeX, Version 3.14159265-2.6-1.40.17 (TeX Live 2016) (preloaded format=pdflatex)
 restricted \write18 enabled.
entering extended mode
(./paper_online.tex
LaTeX2e <2016/03/31>
Babel <3.9r> and hyphenation patterns for 83 language(s) loaded.

<<<<<<< HEAD:output/paper/scons.log
=======

 make.py ended: 2016-08-02 16:06:53
>>>>>>> origin/master:output/talk/make.log
