*** New build: {2017-02-11 19:40:50} ***
scons: done reading SConscript files.
scons: Building targets ...
build_lyx(["output/paper/online_appendix.pdf"], ["source/paper/online_appendix.lyx"])
build_lyx(["output/paper/paper.pdf"], ["source/paper/paper.lyx"])
scons: done building targets.
*** Build completed: {2017-02-11 19:40:56} ***
*** Builder log created: {2017-02-11 19:40:53} 
*** Builder log completed: {2017-02-11 19:40:56} 
 This is pdfTeX, Version 3.14159265-2.6-1.40.17 (TeX Live 2016) (preloaded format=pdflatex)
 restricted \write18 enabled.
entering extended mode
(./paper.tex
LaTeX2e <2016/03/31>
Babel <3.9r> and hyphenation patterns for 83 language(s) loaded.

This is pdfTeX, Version 3.14159265-2.6-1.40.17 (TeX Live 2016) (preloaded format=pdflatex)
 restricted \write18 enabled.
entering extended mode
(./paper.tex
LaTeX2e <2016/03/31>
Babel <3.9r> and hyphenation patterns for 83 language(s) loaded.


