WARNING: Information about .sconsign.dblite may be misleading 
as it can be edited after state_of_repo.log finishes running

===================================

 GIT STATUS

===================================
Last commit:

commit 8c91db5a464f69c4a5b0c34bb8d306f65428730b
Author: Adam Rosenberg <arosenbe@stanford.edu>
Date:   Fri Sep 1 08:22:13 2017 -0700

    Pull request for gslab_python#99: Add cache reconfiguration code (#83)
    
    * gslab-econ/gslab_python#99 switch to scons local
    
    * gslab-econ/gslab_python#99 delete scons local, lfs track .zip
    
    * gslab-econ/gslab_python#99 commit scons-local-2.5.1
    
    * gslab-econ/gslab_python#99 scons python scripts for each sub
    
    * gslab-econ/gslab_python#99 remove top-level scons.zip
    
    * #83 gslab-econ/gslab_python#99 update commands in readme.
    
    * 83 gslab-econ/gslab_python#99 symlink to scons.py
    
    * #83 gslab-econ/gslab_python#83 scons.py -> run.py, mention global scons in readme
    
    * #83 gslab-econ/gslab_python#99 arg in main call


Files changed since last commit:

.gitignore
README.md
analysis/release/descriptive/plot.eps
analysis/release/descriptive/sconscript_descriptive.log
analysis/release/sconstruct.log
analysis/release/state_of_repo.log
analysis/source/prepare_data/SConscript
paper_slides/SConstruct
paper_slides/release/sconstruct.log
paper_slides/release/state_of_repo.log

===================================

 FILE STATUS

===================================
./config_global.yaml:
   modified on: 01 Sep 2017 08:26:58
   size of file: 273
./config_user.yaml:
   modified on: 31 Aug 2017 14:53:00
   size of file: 26
./run.py:
   modified on: 01 Sep 2017 08:26:58
   size of file: 458
./SConstruct:
   modified on: 01 Sep 2017 08:26:58
   size of file: 2884
./sconstruct.log:
   modified on: 01 Sep 2017 15:24:35
   size of file: 199
./state_of_repo.log:
   modified on: 01 Sep 2017 15:24:35
   size of file: 1406
./build/descriptive/plot.eps:
   modified on: 01 Sep 2017 15:24:33
   size of file: 15385
./build/descriptive/sconscript_descriptive.log:
   modified on: 01 Sep 2017 15:24:33
   size of file: 99
./build/descriptive/table.txt:
   modified on: 01 Sep 2017 15:24:32
   size of file: 39
./build/prepare_data/data.txt:
   modified on: 01 Sep 2017 09:44:17
   size of file: 1988897
./build/prepare_data/sconscript_create_data.log:
   modified on: 01 Sep 2017 09:44:17
   size of file: 0
./release/sconstruct.log:
   modified on: 01 Sep 2017 15:24:33
   size of file: 833
./release/state_of_repo.log:
   modified on: 01 Sep 2017 15:24:33
   size of file: 3637
./release/descriptive/plot.eps:
   modified on: 01 Sep 2017 15:24:33
   size of file: 15385
./release/descriptive/sconscript_descriptive.log:
   modified on: 01 Sep 2017 15:24:33
   size of file: 99
./release/descriptive/table.txt:
   modified on: 01 Sep 2017 15:24:32
   size of file: 39
./release/lg/data.txt:
   modified on: 30 Aug 2017 17:14:01
   size of file: 1988897
./source/descriptive/descriptive.py:
   modified on: 01 Sep 2017 08:26:55
   size of file: 544
./source/descriptive/SConscript:
   modified on: 01 Sep 2017 08:26:55
   size of file: 468
./source/prepare_data/create_data.do:
   modified on: 01 Sep 2017 08:26:55
   size of file: 262
./source/prepare_data/create_data.m:
   modified on: 01 Sep 2017 08:26:55
   size of file: 200
./source/prepare_data/create_data.py:
   modified on: 01 Sep 2017 08:26:55
   size of file: 257
./source/prepare_data/create_data.r:
   modified on: 01 Sep 2017 08:26:55
   size of file: 247
./source/prepare_data/SConscript:
   modified on: 01 Sep 2017 09:45:31
   size of file: 1123
