===================================

 self

===================================

file path|file size in bytes
.DS_Store|6148
.gitattributes|252
.gitignore|298
.sconsign.dblite|7088
README.md|15750
analysis/.DS_Store|6148
analysis/.sconsign.dblite|3230
analysis/config_global.yaml|328
analysis/config_user.yaml|74
analysis/run.py|458
analysis/SConstruct|3335
analysis/sconstruct.log|41
config/config_python.py|783
config/config_r.r|1490
config/config_stata.do|734
config/configuration.py|1798
config/scons.zip|647844
paper_slides/.DS_Store|6148
paper_slides/.sconsign.dblite|6329
paper_slides/config_global.yaml|357
paper_slides/configuration_test.py|2016
paper_slides/run.py|458
paper_slides/SConstruct|2691
analysis/release/sconstruct.log|250
analysis/release/state_of_inputs.log|40684
analysis/release/state_of_repo.log|3365
analysis/source/.DS_Store|6148
config/scons/scons-configure-cache.py|5436
config/scons/scons-LICENSE|1271
config/scons/scons-README|6428
config/scons/scons-time.py|48769
config/scons/scons.py|6946
config/scons/sconsign.py|18234
paper_slides/input/plot.eps|15385
paper_slides/input/provenance.txt|78
paper_slides/input/table.txt|39
paper_slides/release/sconstruct.log|250
paper_slides/release/state_of_repo.log|4679
analysis/build/descriptive/plot.eps|15385
analysis/build/descriptive/sconscript_descriptive.log|99
analysis/build/descriptive/table.txt|39
analysis/build/prepare_data/data.txt|1988897
analysis/build/prepare_data/sconscript_create_data.log|99
analysis/release/descriptive/plot.eps|15385
analysis/release/descriptive/sconscript_descriptive.log|99
analysis/release/descriptive/table.txt|39
analysis/release/lg/data.txt|1988897
analysis/source/descriptive/descriptive.py|572
analysis/source/descriptive/SConscript|489
analysis/source/prepare_data/create_data.do|262
analysis/source/prepare_data/create_data.m|214
analysis/source/prepare_data/create_data.py|271
analysis/source/prepare_data/create_data.r|261
analysis/source/prepare_data/create_data.sh|81
analysis/source/prepare_data/SConscript|1123
config/scons/scons-local-2.5.1/scons-2.5.1-py2.7.egg-info|442
paper_slides/build/paper/ondeck.pdf|18274
paper_slides/build/paper/online_appendix.pdf|45354
paper_slides/build/paper/paper.pdf|58962
paper_slides/build/paper/sconscript.log|342
paper_slides/build/paper/text.pdf|18274
paper_slides/build/tables/sconscript.log|157
paper_slides/build/tables/table.lyx|4094
paper_slides/build/talk/sconscript.log|589
paper_slides/build/talk/slides.pdf|29958
paper_slides/release/paper/ondeck.pdf|18193
paper_slides/release/paper/online_appendix.pdf|45354
paper_slides/release/paper/paper.pdf|58961
paper_slides/release/paper/sconscript.log|6473
paper_slides/release/paper/text.pdf|18193
paper_slides/release/talk/sconscript.log|589
paper_slides/release/talk/slides.pdf|29971
paper_slides/source/figures/figure.lyx|2214
paper_slides/source/paper/ondeck.lyx|2522
paper_slides/source/paper/online_appendix.lyx|3610
paper_slides/source/paper/paper.lyx|5236
paper_slides/source/paper/SConscript|677
paper_slides/source/paper/text.lyx|2522
paper_slides/source/paper/text.tex|1300
paper_slides/source/tables/SConscript|233
paper_slides/source/tables/table.lyx|4082
paper_slides/source/talk/SConscript|237
paper_slides/source/talk/slides.lyx|4697
config/scons/scons-local-2.5.1/SCons/__init__.py|1634
config/scons/scons-local-2.5.1/SCons/__init__.pyc|642
config/scons/scons-local-2.5.1/SCons/Action.py|47524
config/scons/scons-local-2.5.1/SCons/Action.pyc|43601
config/scons/scons-local-2.5.1/SCons/Builder.py|33851
config/scons/scons-local-2.5.1/SCons/Builder.pyc|31902
config/scons/scons-local-2.5.1/SCons/CacheDir.py|11167
config/scons/scons-local-2.5.1/SCons/CacheDir.pyc|8539
config/scons/scons-local-2.5.1/SCons/Conftest.py|28164
config/scons/scons-local-2.5.1/SCons/Conftest.pyc|18975
config/scons/scons-local-2.5.1/SCons/cpp.py|19694
config/scons/scons-local-2.5.1/SCons/cpp.pyc|16758
config/scons/scons-local-2.5.1/SCons/dblite.py|7658
config/scons/scons-local-2.5.1/SCons/dblite.pyc|8732
config/scons/scons-local-2.5.1/SCons/Debug.py|7481
config/scons/scons-local-2.5.1/SCons/Debug.pyc|7809
config/scons/scons-local-2.5.1/SCons/Defaults.py|20812
config/scons/scons-local-2.5.1/SCons/Defaults.pyc|19975
config/scons/scons-local-2.5.1/SCons/Environment.py|96746
config/scons/scons-local-2.5.1/SCons/Environment.pyc|84125
config/scons/scons-local-2.5.1/SCons/Errors.py|7419
config/scons/scons-local-2.5.1/SCons/Errors.pyc|6657
config/scons/scons-local-2.5.1/SCons/Executor.py|21957
config/scons/scons-local-2.5.1/SCons/Executor.pyc|28898
config/scons/scons-local-2.5.1/SCons/exitfuncs.py|2137
config/scons/scons-local-2.5.1/SCons/Job.py|16096
config/scons/scons-local-2.5.1/SCons/Job.pyc|14300
config/scons/scons-local-2.5.1/SCons/Memoize.py|9522
config/scons/scons-local-2.5.1/SCons/Memoize.pyc|10309
config/scons/scons-local-2.5.1/SCons/PathList.py|8347
config/scons/scons-local-2.5.1/SCons/PathList.pyc|8031
config/scons/scons-local-2.5.1/SCons/SConf.py|39709
config/scons/scons-local-2.5.1/SCons/SConf.pyc|39353
config/scons/scons-local-2.5.1/SCons/SConsign.py|13665
config/scons/scons-local-2.5.1/SCons/SConsign.pyc|12701
config/scons/scons-local-2.5.1/SCons/Sig.py|2335
config/scons/scons-local-2.5.1/SCons/Subst.py|34646
config/scons/scons-local-2.5.1/SCons/Subst.pyc|30748
config/scons/scons-local-2.5.1/SCons/Taskmaster.py|40608
config/scons/scons-local-2.5.1/SCons/Taskmaster.pyc|34315
config/scons/scons-local-2.5.1/SCons/Util.py|50268
config/scons/scons-local-2.5.1/SCons/Util.pyc|53849
config/scons/scons-local-2.5.1/SCons/Warnings.py|6977
config/scons/scons-local-2.5.1/SCons/Warnings.pyc|12094
config/scons/scons-local-2.5.1/SCons/compat/__init__.py|5147
config/scons/scons-local-2.5.1/SCons/compat/__init__.pyc|3815
config/scons/scons-local-2.5.1/SCons/compat/_scons_dbm.py|1772
config/scons/scons-local-2.5.1/SCons/Node/__init__.py|61706
config/scons/scons-local-2.5.1/SCons/Node/__init__.pyc|63269
config/scons/scons-local-2.5.1/SCons/Node/Alias.py|5227
config/scons/scons-local-2.5.1/SCons/Node/Alias.pyc|6773
config/scons/scons-local-2.5.1/SCons/Node/FS.py|126098
config/scons/scons-local-2.5.1/SCons/Node/FS.pyc|119452
config/scons/scons-local-2.5.1/SCons/Node/Python.py|5388
config/scons/scons-local-2.5.1/SCons/Node/Python.pyc|6416
config/scons/scons-local-2.5.1/SCons/Options/__init__.py|2644
config/scons/scons-local-2.5.1/SCons/Options/__init__.pyc|2385
config/scons/scons-local-2.5.1/SCons/Options/BoolOption.py|1980
config/scons/scons-local-2.5.1/SCons/Options/BoolOption.pyc|1158
config/scons/scons-local-2.5.1/SCons/Options/EnumOption.py|1980
config/scons/scons-local-2.5.1/SCons/Options/EnumOption.pyc|1158
config/scons/scons-local-2.5.1/SCons/Options/ListOption.py|1980
config/scons/scons-local-2.5.1/SCons/Options/ListOption.pyc|1158
config/scons/scons-local-2.5.1/SCons/Options/PackageOption.py|1995
config/scons/scons-local-2.5.1/SCons/Options/PackageOption.pyc|1179
config/scons/scons-local-2.5.1/SCons/Options/PathOption.py|2766
config/scons/scons-local-2.5.1/SCons/Options/PathOption.pyc|2954
config/scons/scons-local-2.5.1/SCons/Platform/__init__.py|10486
config/scons/scons-local-2.5.1/SCons/Platform/__init__.pyc|7814
config/scons/scons-local-2.5.1/SCons/Platform/aix.py|3161
config/scons/scons-local-2.5.1/SCons/Platform/cygwin.py|2053
config/scons/scons-local-2.5.1/SCons/Platform/darwin.py|2521
config/scons/scons-local-2.5.1/SCons/Platform/darwin.pyc|1349
config/scons/scons-local-2.5.1/SCons/Platform/hpux.py|1748
config/scons/scons-local-2.5.1/SCons/Platform/irix.py|1635
config/scons/scons-local-2.5.1/SCons/Platform/os2.py|2200
config/scons/scons-local-2.5.1/SCons/Platform/posix.py|4245
config/scons/scons-local-2.5.1/SCons/Platform/posix.pyc|3507
config/scons/scons-local-2.5.1/SCons/Platform/sunos.py|1912
config/scons/scons-local-2.5.1/SCons/Platform/win32.py|14950
config/scons/scons-local-2.5.1/SCons/Scanner/__init__.py|14693
config/scons/scons-local-2.5.1/SCons/Scanner/__init__.pyc|16846
config/scons/scons-local-2.5.1/SCons/Scanner/C.py|4842
config/scons/scons-local-2.5.1/SCons/Scanner/C.pyc|5287
config/scons/scons-local-2.5.1/SCons/Scanner/D.py|2523
config/scons/scons-local-2.5.1/SCons/Scanner/D.pyc|2287
config/scons/scons-local-2.5.1/SCons/Scanner/Dir.py|3787
config/scons/scons-local-2.5.1/SCons/Scanner/Dir.pyc|3411
config/scons/scons-local-2.5.1/SCons/Scanner/Fortran.py|14324
config/scons/scons-local-2.5.1/SCons/Scanner/Fortran.pyc|4368
config/scons/scons-local-2.5.1/SCons/Scanner/IDL.py|1838
config/scons/scons-local-2.5.1/SCons/Scanner/LaTeX.py|16233
config/scons/scons-local-2.5.1/SCons/Scanner/LaTeX.pyc|13556
config/scons/scons-local-2.5.1/SCons/Scanner/Prog.py|3631
config/scons/scons-local-2.5.1/SCons/Scanner/Prog.pyc|2681
config/scons/scons-local-2.5.1/SCons/Scanner/RC.py|2047
config/scons/scons-local-2.5.1/SCons/Scanner/SWIG.py|1667
config/scons/scons-local-2.5.1/SCons/Scanner/SWIG.pyc|850
config/scons/scons-local-2.5.1/SCons/Script/__init__.py|14345
config/scons/scons-local-2.5.1/SCons/Script/__init__.pyc|8714
config/scons/scons-local-2.5.1/SCons/Script/Interactive.py|13840
config/scons/scons-local-2.5.1/SCons/Script/Interactive.pyc|9664
config/scons/scons-local-2.5.1/SCons/Script/Main.py|51846
config/scons/scons-local-2.5.1/SCons/Script/Main.pyc|45769
config/scons/scons-local-2.5.1/SCons/Script/SConscript.py|24126
config/scons/scons-local-2.5.1/SCons/Script/SConscript.pyc|19841
config/scons/scons-local-2.5.1/SCons/Script/SConsOptions.py|38983
config/scons/scons-local-2.5.1/SCons/Script/SConsOptions.pyc|29160
config/scons/scons-local-2.5.1/SCons/Tool/386asm.py|2196
config/scons/scons-local-2.5.1/SCons/Tool/__init__.py|44557
config/scons/scons-local-2.5.1/SCons/Tool/__init__.pyc|42736
config/scons/scons-local-2.5.1/SCons/Tool/aixc++.py|2413
config/scons/scons-local-2.5.1/SCons/Tool/aixcc.py|2297
config/scons/scons-local-2.5.1/SCons/Tool/aixf77.py|2707
config/scons/scons-local-2.5.1/SCons/Tool/aixlink.py|2750
config/scons/scons-local-2.5.1/SCons/Tool/applelink.py|2828
config/scons/scons-local-2.5.1/SCons/Tool/applelink.pyc|1850
config/scons/scons-local-2.5.1/SCons/Tool/ar.py|2177
config/scons/scons-local-2.5.1/SCons/Tool/ar.pyc|1526
config/scons/scons-local-2.5.1/SCons/Tool/as.py|2966
config/scons/scons-local-2.5.1/SCons/Tool/as.pyc|2141
config/scons/scons-local-2.5.1/SCons/Tool/bcc32.py|2965
config/scons/scons-local-2.5.1/SCons/Tool/BitKeeper.py|2414
config/scons/scons-local-2.5.1/SCons/Tool/BitKeeper.pyc|1970
config/scons/scons-local-2.5.1/SCons/Tool/c++.py|3432
config/scons/scons-local-2.5.1/SCons/Tool/c++.pyc|2943
config/scons/scons-local-2.5.1/SCons/Tool/cc.py|3815
config/scons/scons-local-2.5.1/SCons/Tool/cc.pyc|2996
config/scons/scons-local-2.5.1/SCons/Tool/cvf.py|2493
config/scons/scons-local-2.5.1/SCons/Tool/CVS.py|2852
config/scons/scons-local-2.5.1/SCons/Tool/CVS.pyc|2064
config/scons/scons-local-2.5.1/SCons/Tool/cyglink.py|8426
config/scons/scons-local-2.5.1/SCons/Tool/DCommon.py|1930
config/scons/scons-local-2.5.1/SCons/Tool/DCommon.pyc|1254
config/scons/scons-local-2.5.1/SCons/Tool/default.py|1741
config/scons/scons-local-2.5.1/SCons/Tool/default.pyc|1084
config/scons/scons-local-2.5.1/SCons/Tool/dmd.py|6398
config/scons/scons-local-2.5.1/SCons/Tool/dmd.pyc|5402
config/scons/scons-local-2.5.1/SCons/Tool/dvi.py|2365
config/scons/scons-local-2.5.1/SCons/Tool/dvi.pyc|1181
config/scons/scons-local-2.5.1/SCons/Tool/dvipdf.py|4113
config/scons/scons-local-2.5.1/SCons/Tool/dvipdf.pyc|4072
config/scons/scons-local-2.5.1/SCons/Tool/dvips.py|3471
config/scons/scons-local-2.5.1/SCons/Tool/dvips.pyc|2705
config/scons/scons-local-2.5.1/SCons/Tool/f03.py|2020
config/scons/scons-local-2.5.1/SCons/Tool/f77.py|2033
config/scons/scons-local-2.5.1/SCons/Tool/f90.py|2018
config/scons/scons-local-2.5.1/SCons/Tool/f95.py|2020
config/scons/scons-local-2.5.1/SCons/Tool/filesystem.py|3458
config/scons/scons-local-2.5.1/SCons/Tool/filesystem.pyc|2845
config/scons/scons-local-2.5.1/SCons/Tool/fortran.py|2027
config/scons/scons-local-2.5.1/SCons/Tool/fortran.pyc|1454
config/scons/scons-local-2.5.1/SCons/Tool/FortranCommon.py|10707
config/scons/scons-local-2.5.1/SCons/Tool/FortranCommon.pyc|9994
config/scons/scons-local-2.5.1/SCons/Tool/g++.py|2681
config/scons/scons-local-2.5.1/SCons/Tool/g++.pyc|1936
config/scons/scons-local-2.5.1/SCons/Tool/g77.py|2463
config/scons/scons-local-2.5.1/SCons/Tool/gas.py|1874
config/scons/scons-local-2.5.1/SCons/Tool/gcc.py|3472
config/scons/scons-local-2.5.1/SCons/Tool/gcc.pyc|2320
config/scons/scons-local-2.5.1/SCons/Tool/gdc.py|5381
config/scons/scons-local-2.5.1/SCons/Tool/gdc.pyc|4445
config/scons/scons-local-2.5.1/SCons/Tool/gettext.py|2058
config/scons/scons-local-2.5.1/SCons/Tool/GettextCommon.py|17293
config/scons/scons-local-2.5.1/SCons/Tool/gfortran.py|2293
config/scons/scons-local-2.5.1/SCons/Tool/gfortran.pyc|1617
config/scons/scons-local-2.5.1/SCons/Tool/gnulink.py|2929
config/scons/scons-local-2.5.1/SCons/Tool/gs.py|2966
config/scons/scons-local-2.5.1/SCons/Tool/gs.pyc|2002
config/scons/scons-local-2.5.1/SCons/Tool/hpc++.py|2677
config/scons/scons-local-2.5.1/SCons/Tool/hpcc.py|1840
config/scons/scons-local-2.5.1/SCons/Tool/hplink.py|2367
config/scons/scons-local-2.5.1/SCons/Tool/icc.py|2170
config/scons/scons-local-2.5.1/SCons/Tool/icl.py|1932
config/scons/scons-local-2.5.1/SCons/Tool/ifl.py|2787
config/scons/scons-local-2.5.1/SCons/Tool/ifort.py|3327
config/scons/scons-local-2.5.1/SCons/Tool/ilink.py|2111
config/scons/scons-local-2.5.1/SCons/Tool/ilink32.py|2073
config/scons/scons-local-2.5.1/SCons/Tool/install.py|15735
config/scons/scons-local-2.5.1/SCons/Tool/install.pyc|14042
config/scons/scons-local-2.5.1/SCons/Tool/intelc.py|26381
config/scons/scons-local-2.5.1/SCons/Tool/ipkg.py|2475
config/scons/scons-local-2.5.1/SCons/Tool/jar.py|4159
config/scons/scons-local-2.5.1/SCons/Tool/jar.pyc|3215
config/scons/scons-local-2.5.1/SCons/Tool/javac.py|8631
config/scons/scons-local-2.5.1/SCons/Tool/javac.pyc|7778
config/scons/scons-local-2.5.1/SCons/Tool/JavaCommon.py|12774
config/scons/scons-local-2.5.1/SCons/Tool/JavaCommon.pyc|12044
config/scons/scons-local-2.5.1/SCons/Tool/javah.py|4643
config/scons/scons-local-2.5.1/SCons/Tool/javah.pyc|3970
config/scons/scons-local-2.5.1/SCons/Tool/latex.py|2732
config/scons/scons-local-2.5.1/SCons/Tool/latex.pyc|2297
config/scons/scons-local-2.5.1/SCons/Tool/ldc.py|6275
config/scons/scons-local-2.5.1/SCons/Tool/ldc.pyc|5095
config/scons/scons-local-2.5.1/SCons/Tool/lex.py|3358
config/scons/scons-local-2.5.1/SCons/Tool/lex.pyc|2420
config/scons/scons-local-2.5.1/SCons/Tool/link.py|13045
config/scons/scons-local-2.5.1/SCons/Tool/link.pyc|11866
config/scons/scons-local-2.5.1/SCons/Tool/linkloc.py|4016
config/scons/scons-local-2.5.1/SCons/Tool/m4.py|2339
config/scons/scons-local-2.5.1/SCons/Tool/m4.pyc|1453
config/scons/scons-local-2.5.1/SCons/Tool/masm.py|2975
config/scons/scons-local-2.5.1/SCons/Tool/midl.py|3064
config/scons/scons-local-2.5.1/SCons/Tool/mingw.py|6560
config/scons/scons-local-2.5.1/SCons/Tool/msgfmt.py|4419
config/scons/scons-local-2.5.1/SCons/Tool/msginit.py|4697
config/scons/scons-local-2.5.1/SCons/Tool/msgmerge.py|4258
config/scons/scons-local-2.5.1/SCons/Tool/mslib.py|2210
config/scons/scons-local-2.5.1/SCons/Tool/mslink.py|14458
config/scons/scons-local-2.5.1/SCons/Tool/mssdk.py|1834
config/scons/scons-local-2.5.1/SCons/Tool/msvc.py|11464
config/scons/scons-local-2.5.1/SCons/Tool/msvs.py|79601
config/scons/scons-local-2.5.1/SCons/Tool/mwcc.py|6871
config/scons/scons-local-2.5.1/SCons/Tool/mwld.py|3651
config/scons/scons-local-2.5.1/SCons/Tool/nasm.py|2648
config/scons/scons-local-2.5.1/SCons/Tool/pdf.py|3010
config/scons/scons-local-2.5.1/SCons/Tool/pdf.pyc|1941
config/scons/scons-local-2.5.1/SCons/Tool/pdflatex.py|2927
config/scons/scons-local-2.5.1/SCons/Tool/pdflatex.pyc|2338
config/scons/scons-local-2.5.1/SCons/Tool/pdftex.py|3741
config/scons/scons-local-2.5.1/SCons/Tool/pdftex.pyc|3017
config/scons/scons-local-2.5.1/SCons/Tool/Perforce.py|3647
config/scons/scons-local-2.5.1/SCons/Tool/Perforce.pyc|2696
config/scons/scons-local-2.5.1/SCons/Tool/PharLapCommon.py|4431
config/scons/scons-local-2.5.1/SCons/Tool/qt.py|13283
config/scons/scons-local-2.5.1/SCons/Tool/RCS.py|2283
config/scons/scons-local-2.5.1/SCons/Tool/RCS.pyc|1820
config/scons/scons-local-2.5.1/SCons/Tool/rmic.py|4405
config/scons/scons-local-2.5.1/SCons/Tool/rmic.pyc|3199
config/scons/scons-local-2.5.1/SCons/Tool/rpcgen.py|2861
config/scons/scons-local-2.5.1/SCons/Tool/rpcgen.pyc|2262
config/scons/scons-local-2.5.1/SCons/Tool/rpm.py|4544
config/scons/scons-local-2.5.1/SCons/Tool/rpm.pyc|3877
config/scons/scons-local-2.5.1/SCons/Tool/rpmutils.py|17072
config/scons/scons-local-2.5.1/SCons/Tool/SCCS.py|2319
config/scons/scons-local-2.5.1/SCons/Tool/SCCS.pyc|1849
config/scons/scons-local-2.5.1/SCons/Tool/sgiar.py|2555
config/scons/scons-local-2.5.1/SCons/Tool/sgic++.py|2025
config/scons/scons-local-2.5.1/SCons/Tool/sgicc.py|1849
config/scons/scons-local-2.5.1/SCons/Tool/sgilink.py|2157
config/scons/scons-local-2.5.1/SCons/Tool/Subversion.py|2636
config/scons/scons-local-2.5.1/SCons/Tool/sunar.py|2354
config/scons/scons-local-2.5.1/SCons/Tool/sunc++.py|4729
config/scons/scons-local-2.5.1/SCons/Tool/suncc.py|1957
config/scons/scons-local-2.5.1/SCons/Tool/sunf77.py|2143
config/scons/scons-local-2.5.1/SCons/Tool/sunf90.py|2157
config/scons/scons-local-2.5.1/SCons/Tool/sunf95.py|2147
config/scons/scons-local-2.5.1/SCons/Tool/sunlink.py|2564
config/scons/scons-local-2.5.1/SCons/Tool/swig.py|7417
config/scons/scons-local-2.5.1/SCons/Tool/swig.pyc|6525
config/scons/scons-local-2.5.1/SCons/Tool/tar.py|2503
config/scons/scons-local-2.5.1/SCons/Tool/tar.pyc|1834
config/scons/scons-local-2.5.1/SCons/Tool/tex.py|39955
config/scons/scons-local-2.5.1/SCons/Tool/tex.pyc|24880
config/scons/scons-local-2.5.1/SCons/Tool/textfile.py|6023
config/scons/scons-local-2.5.1/SCons/Tool/tlib.py|1861
config/scons/scons-local-2.5.1/SCons/Tool/wix.py|3761
config/scons/scons-local-2.5.1/SCons/Tool/wix.pyc|2410
config/scons/scons-local-2.5.1/SCons/Tool/xgettext.py|13060
config/scons/scons-local-2.5.1/SCons/Tool/yacc.py|4613
config/scons/scons-local-2.5.1/SCons/Tool/yacc.pyc|3678
config/scons/scons-local-2.5.1/SCons/Tool/zip.py|3445
config/scons/scons-local-2.5.1/SCons/Tool/zip.pyc|2832
config/scons/scons-local-2.5.1/SCons/Variables/__init__.py|11203
config/scons/scons-local-2.5.1/SCons/Variables/__init__.pyc|9422
config/scons/scons-local-2.5.1/SCons/Variables/BoolVariable.py|3043
config/scons/scons-local-2.5.1/SCons/Variables/BoolVariable.pyc|2664
config/scons/scons-local-2.5.1/SCons/Variables/EnumVariable.py|3817
config/scons/scons-local-2.5.1/SCons/Variables/EnumVariable.pyc|3853
config/scons/scons-local-2.5.1/SCons/Variables/ListVariable.py|4436
config/scons/scons-local-2.5.1/SCons/Variables/ListVariable.pyc|5189
config/scons/scons-local-2.5.1/SCons/Variables/PackageVariable.py|3590
config/scons/scons-local-2.5.1/SCons/Variables/PackageVariable.pyc|3133
config/scons/scons-local-2.5.1/SCons/Variables/PathVariable.py|5579
config/scons/scons-local-2.5.1/SCons/Variables/PathVariable.pyc|5560
config/scons/scons-local-2.5.1/SCons/Tool/docbook/__init__.py|29325
config/scons/scons-local-2.5.1/SCons/Tool/MSCommon/__init__.py|2078
config/scons/scons-local-2.5.1/SCons/Tool/MSCommon/arch.py|2077
config/scons/scons-local-2.5.1/SCons/Tool/MSCommon/common.py|8461
config/scons/scons-local-2.5.1/SCons/Tool/MSCommon/netframework.py|2809
config/scons/scons-local-2.5.1/SCons/Tool/MSCommon/sdk.py|14245
config/scons/scons-local-2.5.1/SCons/Tool/MSCommon/vc.py|20255
config/scons/scons-local-2.5.1/SCons/Tool/MSCommon/vs.py|20822
config/scons/scons-local-2.5.1/SCons/Tool/packaging/__init__.py|10586
config/scons/scons-local-2.5.1/SCons/Tool/packaging/ipk.py|6299
config/scons/scons-local-2.5.1/SCons/Tool/packaging/msi.py|20245
config/scons/scons-local-2.5.1/SCons/Tool/packaging/rpm.py|12616
config/scons/scons-local-2.5.1/SCons/Tool/packaging/src_tarbz2.py|1728
config/scons/scons-local-2.5.1/SCons/Tool/packaging/src_targz.py|1723
config/scons/scons-local-2.5.1/SCons/Tool/packaging/src_zip.py|1699
config/scons/scons-local-2.5.1/SCons/Tool/packaging/tarbz2.py|1780
config/scons/scons-local-2.5.1/SCons/Tool/packaging/targz.py|1777
config/scons/scons-local-2.5.1/SCons/Tool/packaging/zip.py|1752

