*** Builder log created: {2018-08-22 13:40:23}
*** Builder log completed: {2018-08-22 13:40:23}

  ___  ____  ____  ____  ____ (R)
 /__    /   ____/   /   ____/
___/   /   /___/   /   /___/   14.1   Copyright 1985-2015 StataCorp LP
  Statistics/Data Analysis            StataCorp
                                      4905 Lakeway Drive
     MP - Parallel Edition            College Station, Texas 77845 USA
                                      800-STATA-PC        http://www.stata.com
                                      979-696-4600        stata@stata.com
                                      979-696-4601 (fax)

Unlimited-user 4-core Stata network license expires 21 Jul 2019:
       Serial number:  501509201134
         Licensed to:  Linda Ouyang
                       

Notes:
      1.  Stata is running in batch mode.
      2.  Unicode is supported; see help unicode_advice.
      3.  More than 2 billion observations are allowed; see help obs_advice.
      4.  Maximum number of variables is set to 5000; see help set_maxvar.


running /Applications/Stata/profile.do ...

. do "source/prepare_data/create_data.do" 

. version 14

. set more off

. preliminaries

. 
. program main
  1.     yaml read YAML using config_global.yaml
  2.     yaml global build = YAML.build.prepare_data
  3. 
.     set obs 300000
  4.     gen x = _n
  5.     export delimited "$build/data_stata.txt", delimiter("|") replace
  6. end

. 
. * EXECUTE
. main
number of observations (_N) was 0, now 300,000
(note: file build/prepare_data/data_stata.txt not found)
file build/prepare_data/data_stata.txt saved

. 
end of do-file
