*** New build: {2020-07-26 19:46:32} ***
scons: done reading SConscript files.
scons: Building targets ...
build_lyx(["build/paper/ondeck.pdf"], ["source/paper/ondeck.lyx"])
build_lyx(["build/paper/online_appendix.pdf"], ["source/paper/online_appendix.lyx"])
build_tables(["build/tables/table.lyx"], ["source/tables/table.lyx", "input/descriptive/table.txt"])
source/tables/table.lyx filled successfully by tablefill
build_lyx(["build/paper/paper.pdf"], ["source/paper/paper.lyx"])
build_lyx(["build/paper/text.pdf"], ["source/paper/text.lyx"])
build_lyx(["build/talk/slides.pdf"], ["source/talk/slides.lyx"])
Install directory: "build/paper" as "release/paper"
Install directory: "build/talk" as "release/talk"
scons: done building targets.
*** Build completed: {2020-07-26 19:46:41} ***
 
 
./release/talk/sconscript.log
*** Builder log created: {2020-07-26 19:46:38}
*** Builder log completed: {2020-07-26 19:46:41}
This is pdfTeX, Version 3.14159265-2.6-1.40.21 (TeX Live 2020) (preloaded format=pdflatex)
 restricted \write18 enabled.
entering extended mode
(./slides.tex
LaTeX2e <2020-02-02> patch level 5
L3 programming layer <2020-03-06>
This is pdfTeX, Version 3.14159265-2.6-1.40.21 (TeX Live 2020) (preloaded format=pdflatex)
 restricted \write18 enabled.
entering extended mode
(./slides.tex
LaTeX2e <2020-02-02> patch level 5
L3 programming layer <2020-03-06>
./build/talk/sconscript.log
*** Builder log created: {2020-07-26 19:46:38}
*** Builder log completed: {2020-07-26 19:46:41}
This is pdfTeX, Version 3.14159265-2.6-1.40.21 (TeX Live 2020) (preloaded format=pdflatex)
 restricted \write18 enabled.
entering extended mode
(./slides.tex
LaTeX2e <2020-02-02> patch level 5
L3 programming layer <2020-03-06>
This is pdfTeX, Version 3.14159265-2.6-1.40.21 (TeX Live 2020) (preloaded format=pdflatex)
 restricted \write18 enabled.
entering extended mode
(./slides.tex
LaTeX2e <2020-02-02> patch level 5
L3 programming layer <2020-03-06>
./build/paper/sconscript.log
*** Builder log created: {2020-07-26 19:46:37}
*** Builder log completed: {2020-07-26 19:46:38}
This is pdfTeX, Version 3.14159265-2.6-1.40.21 (TeX Live 2020) (preloaded format=pdflatex)
 restricted \write18 enabled.
entering extended mode
(./text.tex
LaTeX2e <2020-02-02> patch level 5
L3 programming layer <2020-03-06>
./release/paper/sconscript.log
*** Builder log created: {2020-07-26 19:46:37}
*** Builder log completed: {2020-07-26 19:46:38}
This is pdfTeX, Version 3.14159265-2.6-1.40.21 (TeX Live 2020) (preloaded format=pdflatex)
 restricted \write18 enabled.
entering extended mode
(./text.tex
LaTeX2e <2020-02-02> patch level 5
L3 programming layer <2020-03-06>
./build/tables/sconscript.log
*** Builder log created: {2020-07-26 19:46:35}
*** Builder log completed: {2020-07-26 19:46:35}
source/tables/table.lyx filled successfully by tablefill

