*** New build: {2017-08-22 20:43:02} ***
scons: done reading SConscript files.
scons: Building targets ...
build_stata(["build/prepare_data/data.txt"], ["source/prepare_data/create_data.do"])
build_stata(["build/descriptive/plot.eps", "build/descriptive/table.txt"], ["source/descriptive/descriptive.do", "build/prepare_data/data.txt"])
Install directory: "build/descriptive" as "release/descriptive"
Install file: "build/prepare_data/data.txt" as "release/lg/data.txt"
scons: done building targets.
*** Build completed: {2017-08-22 20:43:04} ***
 
 
./release/descriptive/sconscript_descriptive.log
*** Builder log created: {2017-08-22 20:43:03} 
*** Builder log completed: {2017-08-22 20:43:04} 
 
  ___  ____  ____  ____  ____ (R)
 /__    /   ____/   /   ____/
___/   /   /___/   /   /___/   14.2   Copyright 1985-2015 StataCorp LLC
  Statistics/Data Analysis            StataCorp
                                      4905 Lakeway Drive
     MP - Parallel Edition            College Station, Texas 77845 USA
                                      800-STATA-PC        http://www.stata.com
                                      979-696-4600        stata@stata.com
                                      979-696-4601 (fax)

Unlimited-user 4-core Stata network license expires 21 Jul 2018:
       Serial number:  501509201134
         Licensed to:  Quan Le
                       Stanford University

Notes:
      1.  Stata is running in batch mode.
      2.  Unicode is supported; see help unicode_advice.
      3.  More than 2 billion observations are allowed; see help obs_advice.
      4.  Maximum number of variables is set to 5000; see help set_maxvar.


running /Applications/Stata/profile.do ...

. do "source/descriptive/descriptive.do" 

. version 14

. clear all

. set more off

. 
. program main
  1.     yaml read YAML using constants.yaml
  2.     yaml local data  = YAML.build.prepare_data
  3.     yaml local build = YAML.build.descriptive
  4. 
.     import delimited "`data'/data.txt", delimiter("|") clear
  5.     hist x, discrete width(0.5)
  6.     graph export "`build'/plot.eps", replace
  7. 
.     sum x
  8.     file open  outfile using "`build'/table.txt", write replace
  9.     file write outfile "<tab:table>" _n
 10.     file write outfile (r(mean)) _n (r(sd)) _n (r(max)) _n (r(min))
 11.     file close outfile
 12. 
.     drop x
 13.     set obs 1000000
 14.     egen y = fill(1 3 5 7 9)
 15.     save "`build_analysis'/lg_dataset.dta", replace
 16. 
. end

. 
. * EXECUTE
. main
(1 var, 300,000 obs)
(start=1, width=.5)
too many bins
r(134);

end of do-file
r(134);
./build/descriptive/sconscript_descriptive.log
*** Builder log created: {2017-08-22 20:43:03} 
*** Builder log completed: {2017-08-22 20:43:04} 
 
  ___  ____  ____  ____  ____ (R)
 /__    /   ____/   /   ____/
___/   /   /___/   /   /___/   14.2   Copyright 1985-2015 StataCorp LLC
  Statistics/Data Analysis            StataCorp
                                      4905 Lakeway Drive
     MP - Parallel Edition            College Station, Texas 77845 USA
                                      800-STATA-PC        http://www.stata.com
                                      979-696-4600        stata@stata.com
                                      979-696-4601 (fax)

Unlimited-user 4-core Stata network license expires 21 Jul 2018:
       Serial number:  501509201134
         Licensed to:  Quan Le
                       Stanford University

Notes:
      1.  Stata is running in batch mode.
      2.  Unicode is supported; see help unicode_advice.
      3.  More than 2 billion observations are allowed; see help obs_advice.
      4.  Maximum number of variables is set to 5000; see help set_maxvar.


running /Applications/Stata/profile.do ...

. do "source/descriptive/descriptive.do" 

. version 14

. clear all

. set more off

. 
. program main
  1.     yaml read YAML using constants.yaml
  2.     yaml local data  = YAML.build.prepare_data
  3.     yaml local build = YAML.build.descriptive
  4. 
.     import delimited "`data'/data.txt", delimiter("|") clear
  5.     hist x, discrete width(0.5)
  6.     graph export "`build'/plot.eps", replace
  7. 
.     sum x
  8.     file open  outfile using "`build'/table.txt", write replace
  9.     file write outfile "<tab:table>" _n
 10.     file write outfile (r(mean)) _n (r(sd)) _n (r(max)) _n (r(min))
 11.     file close outfile
 12. 
.     drop x
 13.     set obs 1000000
 14.     egen y = fill(1 3 5 7 9)
 15.     save "`build_analysis'/lg_dataset.dta", replace
 16. 
. end

. 
. * EXECUTE
. main
(1 var, 300,000 obs)
(start=1, width=.5)
too many bins
r(134);

end of do-file
r(134);
./build/prepare_data/sconscript_create_data.log
*** Builder log created: {2017-08-22 20:43:02} 
*** Builder log completed: {2017-08-22 20:43:03} 
 
  ___  ____  ____  ____  ____ (R)
 /__    /   ____/   /   ____/
___/   /   /___/   /   /___/   14.2   Copyright 1985-2015 StataCorp LLC
  Statistics/Data Analysis            StataCorp
                                      4905 Lakeway Drive
     MP - Parallel Edition            College Station, Texas 77845 USA
                                      800-STATA-PC        http://www.stata.com
                                      979-696-4600        stata@stata.com
                                      979-696-4601 (fax)

Unlimited-user 4-core Stata network license expires 21 Jul 2018:
       Serial number:  501509201134
         Licensed to:  Quan Le
                       Stanford University

Notes:
      1.  Stata is running in batch mode.
      2.  Unicode is supported; see help unicode_advice.
      3.  More than 2 billion observations are allowed; see help obs_advice.
      4.  Maximum number of variables is set to 5000; see help set_maxvar.


running /Applications/Stata/profile.do ...

. do "source/prepare_data/create_data.do" 

. version 14

. clear all

. set more off

. 
. program main
  1.     yaml read YAML using constants.yaml
  2.     yaml local build = YAML.build.prepare_data
  3. 
.     set obs 300000
  4.     egen x = fill(1 2 3 4 5 6 7 8)
  5.     export delimited "`build'/data.txt", delimiter("|") replace 
  6. end

. 
. * EXECUTE
. main
number of observations (_N) was 0, now 300,000
(note: file build/prepare_data/data.txt not found)
file build/prepare_data/data.txt saved

. 
end of do-file
