WARNING: Information about .sconsign.dblite may be misleading 
as it can be edited after state_of_repo.log finishes running

===================================

 GIT STATUS

===================================
Last commit:

commit 577738efa8732b29682b7fd11eb840f644c70265
Author: chuanyu <yuchuan2016@gmail.com>
Date:   Mon Aug 21 12:22:48 2017 -0700

    #62 reorganize repo


Files changed since last commit:

analysis/constants.yaml
analysis/release/analysis/sconscript_analysis_do.log
analysis/sconstruct.log
analysis/source/analysis/SConscript
analysis/source/analysis/analysis.do
analysis/state_of_repo.log

===================================

 FILE STATUS

===================================
./configuration_test.py:
   modified on: 21 Aug 2017 11:28:45
   size of file: 1795
./constants.yaml:
   modified on: 21 Aug 2017 12:32:26
   size of file: 130
./SConstruct:
   modified on: 21 Aug 2017 12:21:42
   size of file: 1939
./sconstruct.log:
   modified on: 21 Aug 2017 13:08:01
   size of file: 199
./state_of_repo.log:
   modified on: 21 Aug 2017 13:08:01
   size of file: 614
./user-config.yaml:
   modified on: 21 Aug 2017 09:20:57
   size of file: 26
./build/analysis/plot.eps:
   modified on: 21 Aug 2017 13:07:59
   size of file: 12183
./build/analysis/sconscript_analysis_do.log:
   modified on: 21 Aug 2017 13:07:59
   size of file: 2162
./build/analysis/table.txt:
   modified on: 21 Aug 2017 13:07:59
   size of file: 31
./build/tables/sconscript.log:
   modified on: 21 Aug 2017 10:13:06
   size of file: 157
./build/tables/table.lyx:
   modified on: 21 Aug 2017 10:13:06
   size of file: 4082
./release/analysis/plot.eps:
   modified on: 21 Aug 2017 13:07:59
   size of file: 12183
./release/analysis/plot.pdf:
   modified on: 21 Aug 2017 10:13:06
   size of file: 12521
./release/analysis/sconscript_analysis_do.log:
   modified on: 21 Aug 2017 13:07:59
   size of file: 2162
./release/analysis/table.txt:
   modified on: 21 Aug 2017 13:07:59
   size of file: 31
./source/analysis/analysis.do:
   modified on: 21 Aug 2017 13:07:30
   size of file: 512
./source/analysis/SConscript:
   modified on: 21 Aug 2017 13:07:52
   size of file: 346
./source/raw/README.md:
   modified on: 21 Aug 2017 09:20:37
   size of file: 102
