Starting sample_plots.R at 07/29/16:17:43:14
[1] "This is a sample message for the log."
null device 
          1 
Finished sample_plots.R at 07/29/16:17:43:14
Starting sample_stata.do at 07/29/16:17:43:14

  ___  ____  ____  ____  ____ (R)
 /__    /   ____/   /   ____/
___/   /   /___/   /   /___/   14.1   Copyright 1985-2015 StataCorp LP
  Statistics/Data Analysis            StataCorp
                                      4905 Lakeway Drive
     MP - Parallel Edition            College Station, Texas 77845 USA
                                      800-STATA-PC        http://www.stata.com
                                      979-696-4600        stata@stata.com
                                      979-696-4601 (fax)

Unlimited-user 4-core Stata network license expires 21 Jul 2017:
       Serial number:  501409012939
         Licensed to:  SIEPR
                       Stanford University

Notes:
      1.  Stata is running in batch mode.
      2.  Unicode is supported; see help unicode_advice.
      3.  More than 2 billion observations are allowed; see help obs_advice.
      4.  Maximum number of variables is set to 5000; see help set_maxvar.

. do sample_stata.do 

. set more off

. 
. program main
  1.     say_hello
  2.     first_letters
  3. end

. 
. program say_hello
  1.     display "Hello world! This is a test Stata script."
  2. end

. 
. program first_letters
  1.      import delimited ../../output/data/stopWords_Fox_lengths.csv
  2.          generate first_letter = substr(word, 1, 1)
  3.          generate count = 1
  4.          collapse (count) count (mean) len, by(first_letter)
  5.          rename len mean_letter_count
  6.          save ../../output/analysis/first_letters.dta
  7. end

. 
. main
Hello world! This is a test Stata script.
(2 vars, 421 obs)
file ../../output/analysis/first_letters.dta saved

. 
end of do-file
Finished sample_stata.do at 07/29/16:17:43:14
